<?xml version="1.0" encoding="UTF-8"?>
<testng-results ignored="0" total="1" passed="1" failed="0" skipped="0">
  <reporter-output>
  </reporter-output>
  <suite started-at="2021-02-05T17:54:27 EST" name="CommerceAP" finished-at="2021-02-05T17:55:23 EST" duration-ms="55909">
    <groups>
    </groups>
    <test started-at="2021-02-05T17:54:27 EST" name="CommerceAP Test" finished-at="2021-02-05T17:55:23 EST" duration-ms="55909">
      <class name="com.CommerceAP.TestCases.TC_AddProducts_002">
        <test-method is-config="true" signature="setup(java.lang.String)[pri:0, instance:com.CommerceAP.TestCases.TC_AddProducts_002@42a48628]" started-at="2021-02-05T17:54:28 EST" name="setup" finished-at="2021-02-05T17:54:47 EST" duration-ms="19387" status="PASS">
          <params>
            <param index="0">
              <value>
                <![CDATA[chrome]]>
              </value>
            </param>
          </params>
          <reporter-output>
          </reporter-output>
        </test-method> <!-- setup -->
        <test-method signature="AddProducts()[pri:0, instance:com.CommerceAP.TestCases.TC_AddProducts_002@42a48628]" started-at="2021-02-05T17:54:47 EST" name="AddProducts" finished-at="2021-02-05T17:55:21 EST" duration-ms="33784" status="PASS">
          <reporter-output>
          </reporter-output>
        </test-method> <!-- AddProducts -->
        <test-method is-config="true" signature="tearDown()[pri:0, instance:com.CommerceAP.TestCases.TC_AddProducts_002@42a48628]" started-at="2021-02-05T17:55:21 EST" name="tearDown" finished-at="2021-02-05T17:55:23 EST" duration-ms="1680" status="PASS">
          <reporter-output>
          </reporter-output>
        </test-method> <!-- tearDown -->
      </class> <!-- com.CommerceAP.TestCases.TC_AddProducts_002 -->
    </test> <!-- CommerceAP Test -->
  </suite> <!-- CommerceAP -->
</testng-results>
